<?xml version="1.0" encoding="UTF-8"?>
<!-- Generated by org.testng.reporters.JUnitReportReporter -->
<testsuite skipped="1" hostname="DESKTOP-27L8JE7" name="com.excelDataReader.TC_003" tests="2" failures="0" timestamp="2019-12-06T08:19:10 IST" time="20.399" errors="0">
  <testcase name="f" time="20.397" classname="com.excelDataReader.TC_003"/>
  <testcase name="f" time="0.002" classname="com.excelDataReader.TC_003">
    <skipped/>
  </testcase> <!-- f -->
</testsuite> <!-- com.excelDataReader.TC_003 -->
