<?xml version="1.0" encoding="UTF-8"?>
<!-- Generated by org.testng.reporters.JUnitReportReporter -->
<testsuite skipped="0" hostname="DESKTOP-27L8JE7" name="com.testng.RadioButton1" tests="1" failures="0" timestamp="2019-11-29T08:25:44 IST" time="39.737" errors="0">
  <testcase name="RadioButtonTest" time="39.737" classname="com.testng.RadioButton1"/>
</testsuite> <!-- com.testng.RadioButton1 -->
