<?xml version="1.0" encoding="UTF-8"?>
<!-- Generated by org.testng.reporters.JUnitReportReporter -->
<testsuite skipped="0" hostname="DESKTOP-27L8JE7" name="windowsFrames.FileUpload" tests="1" failures="0" timestamp="2019-12-16T09:10:38 IST" time="24.789" errors="0">
  <testcase name="fileupload" time="24.789" classname="windowsFrames.FileUpload"/>
</testsuite> <!-- windowsFrames.FileUpload -->
