<?xml version="1.0" encoding="UTF-8"?>
<!-- Generated by org.testng.reporters.JUnitReportReporter -->
<testsuite skipped="0" hostname="DESKTOP-27L8JE7" name="suiteC.TestC3" tests="1" failures="0" timestamp="2019-11-28T09:10:05 IST" time="5.001" errors="0">
  <testcase name="testC3" time="5.001" classname="suiteC.TestC3"/>
</testsuite> <!-- suiteC.TestC3 -->
