<?xml version="1.0" encoding="UTF-8"?>
<!-- Generated by org.testng.reporters.JUnitReportReporter -->
<testsuite skipped="0" hostname="DESKTOP-27L8JE7" name="windowsFrames.AlertHandling" tests="1" failures="0" timestamp="2019-12-16T08:15:34 IST" time="19.316" errors="0">
  <testcase name="f" time="19.316" classname="windowsFrames.AlertHandling"/>
</testsuite> <!-- windowsFrames.AlertHandling -->
