<?xml version="1.0" encoding="UTF-8"?>
<!-- Generated by org.testng.reporters.JUnitReportReporter -->
<testsuite skipped="0" hostname="DESKTOP-27L8JE7" name="com.pageObjectModel.POM_001" tests="2" failures="0" timestamp="2019-12-11T09:01:20 IST" time="13.992" errors="0">
  <testcase name="loginTest" time="5.231" classname="com.pageObjectModel.POM_001"/>
  <testcase name="registration" time="8.761" classname="com.pageObjectModel.POM_001"/>
</testsuite> <!-- com.pageObjectModel.POM_001 -->
