<?xml version="1.0" encoding="UTF-8"?>
<!-- Generated by org.testng.reporters.JUnitReportReporter -->
<testsuite skipped="0" hostname="DESKTOP-27L8JE7" name="com.testng.LinksTesting1" tests="1" failures="0" timestamp="2019-11-29T08:25:44 IST" time="14.674" errors="0">
  <testcase name="linktesting1" time="14.674" classname="com.testng.LinksTesting1"/>
</testsuite> <!-- com.testng.LinksTesting1 -->
