<?xml version="1.0" encoding="UTF-8"?>
<!-- Generated by org.testng.reporters.JUnitReportReporter -->
<testsuite skipped="1" hostname="DESKTOP-27L8JE7" name="com.excelDataReader.TC_004" tests="2" failures="0" timestamp="2019-12-06T08:31:50 IST" time="21.702" errors="0">
  <testcase name="f" time="0.004" classname="com.excelDataReader.TC_004">
    <skipped/>
  </testcase> <!-- f -->
  <testcase name="f" time="21.698" classname="com.excelDataReader.TC_004"/>
</testsuite> <!-- com.excelDataReader.TC_004 -->
