<?xml version="1.0" encoding="UTF-8"?>
<!-- Generated by org.testng.reporters.JUnitReportReporter -->
<testsuite skipped="0" hostname="DESKTOP-27L8JE7" name="com.testng.RadioButton1" tests="2" failures="0" timestamp="2019-11-28T08:53:35 IST" time="43.021" errors="0">
  <testcase name="RadioButtonTest" time="18.349" classname="com.testng.RadioButton1"/>
  <testcase name="RadioButtonTest" time="24.672" classname="com.testng.RadioButton1"/>
</testsuite> <!-- com.testng.RadioButton1 -->
