<?xml version="1.0" encoding="UTF-8"?>
<!-- Generated by org.testng.reporters.JUnitReportReporter -->
<testsuite skipped="0" hostname="DESKTOP-27L8JE7" name="com.testng.LinksTesting1" tests="2" failures="0" timestamp="2019-11-28T08:53:35 IST" time="30.166" errors="0">
  <testcase name="linktesting1" time="14.556" classname="com.testng.LinksTesting1"/>
  <testcase name="linktesting1" time="15.610" classname="com.testng.LinksTesting1"/>
</testsuite> <!-- com.testng.LinksTesting1 -->
