<?xml version="1.0" encoding="UTF-8"?>
<!-- Generated by org.testng.reporters.JUnitReportReporter -->
<testsuite skipped="0" hostname="DESKTOP-27L8JE7" name="com.testng.TC_001" tests="2" failures="0" timestamp="2019-11-28T08:53:35 IST" time="43.697" errors="0">
  <testcase name="amazon" time="21.282" classname="com.testng.TC_001"/>
  <testcase name="amazon" time="22.415" classname="com.testng.TC_001"/>
</testsuite> <!-- com.testng.TC_001 -->
