<?xml version="1.0" encoding="UTF-8"?>
<!-- Generated by org.testng.reporters.JUnitReportReporter -->
<testsuite skipped="2" hostname="DESKTOP-27L8JE7" name="com.testng.RadioButton1" tests="2" failures="0" timestamp="2019-12-18T17:30:22 IST" time="0.000" errors="0">
  <testcase name="RadioButtonTest" time="0.000" classname="com.testng.RadioButton1">
    <skipped/>
  </testcase> <!-- RadioButtonTest -->
  <testcase name="RadioButtonTest" time="0.000" classname="com.testng.RadioButton1">
    <skipped/>
  </testcase> <!-- RadioButtonTest -->
</testsuite> <!-- com.testng.RadioButton1 -->
