<?xml version="1.0" encoding="UTF-8"?>
<!-- Generated by org.testng.reporters.JUnitReportReporter -->
<testsuite skipped="0" hostname="DESKTOP-27L8JE7" name="com.project.TC_001" tests="1" failures="0" timestamp="2019-11-28T08:16:30 IST" time="25.512" errors="0">
  <testcase name="amazon" time="25.512" classname="com.project.TC_001"/>
</testsuite> <!-- com.project.TC_001 -->
