<?xml version="1.0" encoding="UTF-8"?>
<!-- Generated by org.testng.reporters.JUnitReportReporter -->
<testsuite skipped="0" hostname="DESKTOP-27L8JE7" name="com.testng.CheckBox1" tests="1" failures="0" timestamp="2019-11-29T08:25:44 IST" time="36.568" errors="0">
  <testcase name="checkboxTest" time="36.568" classname="com.testng.CheckBox1"/>
</testsuite> <!-- com.testng.CheckBox1 -->
