<?xml version="1.0" encoding="UTF-8"?>
<!-- Generated by org.testng.reporters.JUnitReportReporter -->
<testsuite skipped="0" hostname="DESKTOP-27L8JE7" name="com.testng.NewTest" tests="1" failures="0" timestamp="2019-11-28T08:27:57 IST" time="0.002" errors="0">
  <testcase name="f" time="0.002" classname="com.testng.NewTest"/>
</testsuite> <!-- com.testng.NewTest -->
