<?xml version="1.0" encoding="UTF-8"?>
<!-- Generated by org.testng.reporters.JUnitReportReporter -->
<testsuite skipped="0" hostname="DESKTOP-27L8JE7" name="com.testng.TC_001" tests="1" failures="0" timestamp="2019-12-20T08:46:14 IST" time="27.693" errors="0">
  <testcase name="amazon" time="27.693" classname="com.testng.TC_001"/>
</testsuite> <!-- com.testng.TC_001 -->
