<?xml version="1.0" encoding="UTF-8"?>
<!-- Generated by org.testng.reporters.JUnitReportReporter -->
<testsuite skipped="0" hostname="DESKTOP-27L8JE7" name="com.testng.TC_001" tests="1" failures="0" timestamp="2019-11-29T08:25:44 IST" time="33.168" errors="0">
  <testcase name="amazon" time="33.168" classname="com.testng.TC_001"/>
</testsuite> <!-- com.testng.TC_001 -->
