<?xml version="1.0" encoding="UTF-8"?>
<!-- Generated by org.testng.reporters.JUnitReportReporter -->
<testsuite skipped="0" hostname="DESKTOP-27L8JE7" name="com.testng.CheckBox1" tests="2" failures="0" timestamp="2019-11-28T08:53:35 IST" time="39.623" errors="0">
  <testcase name="checkboxTest" time="19.469" classname="com.testng.CheckBox1"/>
  <testcase name="checkboxTest" time="20.154" classname="com.testng.CheckBox1"/>
</testsuite> <!-- com.testng.CheckBox1 -->
